<?xml version="1.0" encoding="UTF-8"?>
<!-- Generated by org.testng.reporters.JUnitReportReporter -->
<testsuite hostname="LAPTOP-6MK7GN8O" failures="0" tests="3" name="test.sample1" time="0.005" errors="0" timestamp="2022-03-12T10:39:04 IST" skipped="0">
  <testcase classname="test.sample1" name="test1" time="0.001"/>
  <system-out/>
  <testcase classname="test.sample1" name="test3" time="0.002"/>
  <system-out/>
  <testcase classname="test.sample1" name="test2" time="0.002"/>
  <system-out/>
</testsuite> <!-- test.sample1 -->
