<?xml version="1.0" encoding="UTF-8"?>
<!-- Generated by org.testng.reporters.JUnitReportReporter -->
<testsuite hostname="LAPTOP-6MK7GN8O" failures="0" tests="3" name="test.HomeLoanApplicationTests" time="0.006" errors="0" timestamp="2022-03-12T10:39:04 IST" skipped="0">
  <testcase classname="test.HomeLoanApplicationTests" name="HomeLoanLoginMobile" time="0.003"/>
  <system-out/>
  <testcase classname="test.HomeLoanApplicationTests" name="HomeLoanLoginAPI" time="0.002"/>
  <system-out/>
  <testcase classname="test.HomeLoanApplicationTests" name="HomeLoanLoginWeb" time="0.001"/>
  <system-out/>
</testsuite> <!-- test.HomeLoanApplicationTests -->
