<?xml version="1.0" encoding="UTF-8"?>
<!-- Generated by org.testng.reporters.JUnitReportReporter -->
<testsuite hostname="LAPTOP-6MK7GN8O" failures="0" tests="3" name="test.CarLoanApplicationTests" time="0.010" errors="0" timestamp="2022-03-12T10:39:04 IST" skipped="0">
  <testcase classname="test.CarLoanApplicationTests" name="CarLoanLoginMobile" time="0.001"/>
  <system-out/>
  <testcase classname="test.CarLoanApplicationTests" name="CarLoanLoginAPI" time="0.007"/>
  <system-out/>
  <testcase classname="test.CarLoanApplicationTests" name="CarLoanLoginWeb" time="0.002"/>
  <system-out/>
</testsuite> <!-- test.CarLoanApplicationTests -->
